# JRE version: OpenJDK Runtime Environment Temurin-21.0.10+7 (21.0.10+7) (build 21.0.10+7-LTS)
# Java VM: OpenJDK 64-Bit Server VM Temurin-21.0.10+7 (21.0.10+7-LTS, mixed mode, sharing, tiered, compressed oops, compressed class ptrs, parallel gc, windows-amd64)
GC Precious Log:
 CardTable entry size: 512
 CPUs: 8 total, 8 available
 Memory: 6030M
 Large Page Support: Disabled
 NUMA Support: Disabled
 Compressed Oops: Enabled (32-bit)
 Alignments: Space 512K, Generation 512K, Heap 2M
 Heap Min Capacity: 100M
 Heap Initial Capacity: 100M
 Heap Max Capacity: 2G
 Pre-touch: Disabled
 Parallel Workers: 8
Heap:
 PSYoungGen      total 7680K, used 6019K [0x00000000d5580000, 0x00000000d6200000, 0x0000000100000000)
  eden space 7168K, 77% used [0x00000000d5580000,0x00000000d5af0db8,0x00000000d5c80000)
  from space 512K, 87% used [0x00000000d6180000,0x00000000d61f0020,0x00000000d6200000)
  to   space 2048K, 0% used [0x00000000d5e00000,0x00000000d5e00000,0x00000000d6000000)
 ParOldGen       total 294400K, used 52897K [0x0000000080000000, 0x0000000091f80000, 0x00000000d5580000)
  object space 294400K, 17% used [0x0000000080000000,0x00000000833a86b0,0x0000000091f80000)
 Metaspace       used 57213K, committed 58624K, reserved 1114112K
  class space    used 6134K, committed 6784K, reserved 1048576K
GC Heap History (20 events):
Event: 31.046 GC heap before
{Heap before GC invocations=383 (full 2):
 PSYoungGen      total 7680K, used 7680K [0x00000000d5580000, 0x00000000d5f80000, 0x0000000100000000)
  eden space 7168K, 100% used [0x00000000d5580000,0x00000000d5c80000,0x00000000d5c80000)
  from space 512K, 100% used [0x00000000d5e00000,0x00000000d5e80000,0x00000000d5e80000)
  to   space 1536K, 0% used [0x00000000d5c80000,0x00000000d5c80000,0x00000000d5e00000)
 ParOldGen       total 294400K, used 47387K [0x0000000080000000, 0x0000000091f80000, 0x00000000d5580000)
  object space 294400K, 16% used [0x0000000080000000,0x0000000082e46cf8,0x0000000091f80000)
 Metaspace       used 50740K, committed 52096K, reserved 1114112K
  class space    used 5512K, committed 6144K, reserved 1048576K
}
Event: 31.048 GC heap after
{Heap after GC invocations=383 (full 2):
 PSYoungGen      total 7680K, used 440K [0x00000000d5580000, 0x00000000d5e80000, 0x0000000100000000)
  eden space 7168K, 0% used [0x00000000d5580000,0x00000000d5580000,0x00000000d5c80000)
  from space 512K, 86% used [0x00000000d5c80000,0x00000000d5cee2e8,0x00000000d5d00000)
  to   space 1024K, 0% used [0x00000000d5d80000,0x00000000d5d80000,0x00000000d5e80000)
 ParOldGen       total 294400K, used 47814K [0x0000000080000000, 0x0000000091f80000, 0x00000000d5580000)
  object space 294400K, 16% used [0x0000000080000000,0x0000000082eb19d8,0x0000000091f80000)
 Metaspace       used 50740K, committed 52096K, reserved 1114112K
  class space    used 5512K, committed 6144K, reserved 1048576K
}
Event: 31.315 GC heap before
{Heap before GC invocations=384 (full 2):
 PSYoungGen      total 7680K, used 7602K [0x00000000d5580000, 0x00000000d5e80000, 0x0000000100000000)
  eden space 7168K, 99% used [0x00000000d5580000,0x00000000d5c7e8c8,0x00000000d5c80000)
  from space 512K, 86% used [0x00000000d5c80000,0x00000000d5cee2e8,0x00000000d5d00000)
  to   space 1024K, 0% used [0x00000000d5d80000,0x00000000d5d80000,0x00000000d5e80000)
 ParOldGen       total 294400K, used 47814K [0x0000000080000000, 0x0000000091f80000, 0x00000000d5580000)
  object space 294400K, 16% used [0x0000000080000000,0x0000000082eb19d8,0x0000000091f80000)
 Metaspace       used 51718K, committed 52992K, reserved 1114112K
  class space    used 5611K, committed 6208K, reserved 1048576K
}
Event: 31.317 GC heap after
{Heap after GC invocations=384 (full 2):
 PSYoungGen      total 7680K, used 288K [0x00000000d5580000, 0x00000000d5e00000, 0x0000000100000000)
  eden space 7168K, 0% used [0x00000000d5580000,0x00000000d5580000,0x00000000d5c80000)
  from space 512K, 56% used [0x00000000d5d80000,0x00000000d5dc8000,0x00000000d5e00000)
  to   space 512K, 0% used [0x00000000d5c80000,0x00000000d5c80000,0x00000000d5d00000)
 ParOldGen       total 294400K, used 48113K [0x0000000080000000, 0x0000000091f80000, 0x00000000d5580000)
  object space 294400K, 16% used [0x0000000080000000,0x0000000082efc588,0x0000000091f80000)
 Metaspace       used 51718K, committed 52992K, reserved 1114112K
  class space    used 5611K, committed 6208K, reserved 1048576K
}
Event: 31.489 GC heap before
{Heap before GC invocations=385 (full 2):
 PSYoungGen      total 7680K, used 7456K [0x00000000d5580000, 0x00000000d5e00000, 0x0000000100000000)
  eden space 7168K, 100% used [0x00000000d5580000,0x00000000d5c80000,0x00000000d5c80000)
  from space 512K, 56% used [0x00000000d5d80000,0x00000000d5dc8000,0x00000000d5e00000)
  to   space 512K, 0% used [0x00000000d5c80000,0x00000000d5c80000,0x00000000d5d00000)
 ParOldGen       total 294400K, used 48113K [0x0000000080000000, 0x0000000091f80000, 0x00000000d5580000)
  object space 294400K, 16% used [0x0000000080000000,0x0000000082efc588,0x0000000091f80000)
 Metaspace       used 51854K, committed 53184K, reserved 1114112K
  class space    used 5650K, committed 6272K, reserved 1048576K
}
Event: 31.490 GC heap after
{Heap after GC invocations=385 (full 2):
 PSYoungGen      total 7680K, used 160K [0x00000000d5580000, 0x00000000d5e00000, 0x0000000100000000)
  eden space 7168K, 0% used [0x00000000d5580000,0x00000000d5580000,0x00000000d5c80000)
  from space 512K, 31% used [0x00000000d5c80000,0x00000000d5ca8000,0x00000000d5d00000)
  to   space 512K, 0% used [0x00000000d5d80000,0x00000000d5d80000,0x00000000d5e00000)
 ParOldGen       total 294400K, used 48305K [0x0000000080000000, 0x0000000091f80000, 0x00000000d5580000)
  object space 294400K, 16% used [0x0000000080000000,0x0000000082f2c588,0x0000000091f80000)
 Metaspace       used 51854K, committed 53184K, reserved 1114112K
  class space    used 5650K, committed 6272K, reserved 1048576K
}
Event: 31.896 GC heap before
{Heap before GC invocations=386 (full 2):
 PSYoungGen      total 7680K, used 7303K [0x00000000d5580000, 0x00000000d5e00000, 0x0000000100000000)
  eden space 7168K, 99% used [0x00000000d5580000,0x00000000d5c79c28,0x00000000d5c80000)
  from space 512K, 31% used [0x00000000d5c80000,0x00000000d5ca8000,0x00000000d5d00000)
  to   space 512K, 0% used [0x00000000d5d80000,0x00000000d5d80000,0x00000000d5e00000)
 ParOldGen       total 294400K, used 48305K [0x0000000080000000, 0x0000000091f80000, 0x00000000d5580000)
  object space 294400K, 16% used [0x0000000080000000,0x0000000082f2c588,0x0000000091f80000)
 Metaspace       used 52349K, committed 53696K, reserved 1114112K
  class space    used 5685K, committed 6272K, reserved 1048576K
}
Event: 31.897 GC heap after
{Heap after GC invocations=386 (full 2):
 PSYoungGen      total 7680K, used 288K [0x00000000d5580000, 0x00000000d5e00000, 0x0000000100000000)
  eden space 7168K, 0% used [0x00000000d5580000,0x00000000d5580000,0x00000000d5c80000)
  from space 512K, 56% used [0x00000000d5d80000,0x00000000d5dc8000,0x00000000d5e00000)
  to   space 512K, 0% used [0x00000000d5c80000,0x00000000d5c80000,0x00000000d5d00000)
 ParOldGen       total 294400K, used 48385K [0x0000000080000000, 0x0000000091f80000, 0x00000000d5580000)
  object space 294400K, 16% used [0x0000000080000000,0x0000000082f40588,0x0000000091f80000)
 Metaspace       used 52349K, committed 53696K, reserved 1114112K
  class space    used 5685K, committed 6272K, reserved 1048576K
}
Event: 32.132 GC heap before
{Heap before GC invocations=387 (full 2):
 PSYoungGen      total 7680K, used 7448K [0x00000000d5580000, 0x00000000d5e00000, 0x0000000100000000)
  eden space 7168K, 99% used [0x00000000d5580000,0x00000000d5c7e2c8,0x00000000d5c80000)
  from space 512K, 56% used [0x00000000d5d80000,0x00000000d5dc8000,0x00000000d5e00000)
  to   space 512K, 0% used [0x00000000d5c80000,0x00000000d5c80000,0x00000000d5d00000)
 ParOldGen       total 294400K, used 48385K [0x0000000080000000, 0x0000000091f80000, 0x00000000d5580000)
  object space 294400K, 16% used [0x0000000080000000,0x0000000082f40588,0x0000000091f80000)
 Metaspace       used 52641K, committed 53952K, reserved 1114112K
  class space    used 5722K, committed 6336K, reserved 1048576K
}
Event: 32.134 GC heap after
{Heap after GC invocations=387 (full 2):
 PSYoungGen      total 7680K, used 198K [0x00000000d5580000, 0x00000000d5e00000, 0x0000000100000000)
  eden space 7168K, 0% used [0x00000000d5580000,0x00000000d5580000,0x00000000d5c80000)
  from space 512K, 38% used [0x00000000d5c80000,0x00000000d5cb1808,0x00000000d5d00000)
  to   space 512K, 0% used [0x00000000d5d80000,0x00000000d5d80000,0x00000000d5e00000)
 ParOldGen       total 294400K, used 48513K [0x0000000080000000, 0x0000000091f80000, 0x00000000d5580000)
  object space 294400K, 16% used [0x0000000080000000,0x0000000082f60588,0x0000000091f80000)
 Metaspace       used 52641K, committed 53952K, reserved 1114112K
  class space    used 5722K, committed 6336K, reserved 1048576K
}
Event: 32.370 GC heap before
{Heap before GC invocations=388 (full 2):
 PSYoungGen      total 7680K, used 7361K [0x00000000d5580000, 0x00000000d5e00000, 0x0000000100000000)
  eden space 7168K, 99% used [0x00000000d5580000,0x00000000d5c7ec88,0x00000000d5c80000)
  from space 512K, 38% used [0x00000000d5c80000,0x00000000d5cb1808,0x00000000d5d00000)
  to   space 512K, 0% used [0x00000000d5d80000,0x00000000d5d80000,0x00000000d5e00000)
 ParOldGen       total 294400K, used 48513K [0x0000000080000000, 0x0000000091f80000, 0x00000000d5580000)
  object space 294400K, 16% used [0x0000000080000000,0x0000000082f60588,0x0000000091f80000)
 Metaspace       used 53339K, committed 54720K, reserved 1114112K
  class space    used 5771K, committed 6400K, reserved 1048576K
}
Event: 32.373 GC heap after
{Heap after GC invocations=388 (full 2):
 PSYoungGen      total 7680K, used 506K [0x00000000d5580000, 0x00000000d5e80000, 0x0000000100000000)
  eden space 7168K, 0% used [0x00000000d5580000,0x00000000d5580000,0x00000000d5c80000)
  from space 512K, 98% used [0x00000000d5d80000,0x00000000d5dfe880,0x00000000d5e00000)
  to   space 1024K, 0% used [0x00000000d5c80000,0x00000000d5c80000,0x00000000d5d80000)
 ParOldGen       total 294400K, used 48625K [0x0000000080000000, 0x0000000091f80000, 0x00000000d5580000)
  object space 294400K, 16% used [0x0000000080000000,0x0000000082f7c588,0x0000000091f80000)
 Metaspace       used 53339K, committed 54720K, reserved 1114112K
  class space    used 5771K, committed 6400K, reserved 1048576K
}
Event: 32.767 GC heap before
{Heap before GC invocations=389 (full 2):
 PSYoungGen      total 7680K, used 7674K [0x00000000d5580000, 0x00000000d5e80000, 0x0000000100000000)
  eden space 7168K, 100% used [0x00000000d5580000,0x00000000d5c80000,0x00000000d5c80000)
  from space 512K, 98% used [0x00000000d5d80000,0x00000000d5dfe880,0x00000000d5e00000)
  to   space 1024K, 0% used [0x00000000d5c80000,0x00000000d5c80000,0x00000000d5d80000)
 ParOldGen       total 294400K, used 48625K [0x0000000080000000, 0x0000000091f80000, 0x00000000d5580000)
  object space 294400K, 16% used [0x0000000080000000,0x0000000082f7c588,0x0000000091f80000)
 Metaspace       used 54075K, committed 55424K, reserved 1114112K
  class space    used 5842K, committed 6464K, reserved 1048576K
}
Event: 32.770 GC heap after
{Heap after GC invocations=389 (full 2):
 PSYoungGen      total 8192K, used 896K [0x00000000d5580000, 0x00000000d5e80000, 0x0000000100000000)
  eden space 7168K, 0% used [0x00000000d5580000,0x00000000d5580000,0x00000000d5c80000)
  from space 1024K, 87% used [0x00000000d5c80000,0x00000000d5d60010,0x00000000d5d80000)
  to   space 1024K, 0% used [0x00000000d5d80000,0x00000000d5d80000,0x00000000d5e80000)
 ParOldGen       total 294400K, used 48913K [0x0000000080000000, 0x0000000091f80000, 0x00000000d5580000)
  object space 294400K, 16% used [0x0000000080000000,0x0000000082fc4598,0x0000000091f80000)
 Metaspace       used 54075K, committed 55424K, reserved 1114112K
  class space    used 5842K, committed 6464K, reserved 1048576K
}
Event: 33.179 GC heap before
{Heap before GC invocations=390 (full 2):
 PSYoungGen      total 8192K, used 8064K [0x00000000d5580000, 0x00000000d5e80000, 0x0000000100000000)
  eden space 7168K, 100% used [0x00000000d5580000,0x00000000d5c80000,0x00000000d5c80000)
  from space 1024K, 87% used [0x00000000d5c80000,0x00000000d5d60010,0x00000000d5d80000)
  to   space 1024K, 0% used [0x00000000d5d80000,0x00000000d5d80000,0x00000000d5e80000)
 ParOldGen       total 294400K, used 48913K [0x0000000080000000, 0x0000000091f80000, 0x00000000d5580000)
  object space 294400K, 16% used [0x0000000080000000,0x0000000082fc4598,0x0000000091f80000)
 Metaspace       used 54941K, committed 56320K, reserved 1114112K
  class space    used 5931K, committed 6528K, reserved 1048576K
}
Event: 33.184 GC heap after
{Heap after GC invocations=390 (full 2):
 PSYoungGen      total 8192K, used 416K [0x00000000d5580000, 0x00000000d5e80000, 0x0000000100000000)
  eden space 7168K, 0% used [0x00000000d5580000,0x00000000d5580000,0x00000000d5c80000)
  from space 1024K, 40% used [0x00000000d5d80000,0x00000000d5de8000,0x00000000d5e80000)
  to   space 1024K, 0% used [0x00000000d5c80000,0x00000000d5c80000,0x00000000d5d80000)
 ParOldGen       total 294400K, used 49522K [0x0000000080000000, 0x0000000091f80000, 0x00000000d5580000)
  object space 294400K, 16% used [0x0000000080000000,0x000000008305cb70,0x0000000091f80000)
 Metaspace       used 54941K, committed 56320K, reserved 1114112K
  class space    used 5931K, committed 6528K, reserved 1048576K
}
Event: 33.348 GC heap before
{Heap before GC invocations=391 (full 2):
 PSYoungGen      total 8192K, used 7582K [0x00000000d5580000, 0x00000000d5e80000, 0x0000000100000000)
  eden space 7168K, 99% used [0x00000000d5580000,0x00000000d5c7fbb0,0x00000000d5c80000)
  from space 1024K, 40% used [0x00000000d5d80000,0x00000000d5de8000,0x00000000d5e80000)
  to   space 1024K, 0% used [0x00000000d5c80000,0x00000000d5c80000,0x00000000d5d80000)
 ParOldGen       total 294400K, used 49522K [0x0000000080000000, 0x0000000091f80000, 0x00000000d5580000)
  object space 294400K, 16% used [0x0000000080000000,0x000000008305cb70,0x0000000091f80000)
 Metaspace       used 55404K, committed 56768K, reserved 1114112K
  class space    used 5980K, committed 6592K, reserved 1048576K
}
Event: 33.358 GC heap after
{Heap after GC invocations=391 (full 2):
 PSYoungGen      total 8192K, used 1011K [0x00000000d5580000, 0x00000000d6680000, 0x0000000100000000)
  eden space 7168K, 0% used [0x00000000d5580000,0x00000000d5580000,0x00000000d5c80000)
  from space 1024K, 98% used [0x00000000d5c80000,0x00000000d5d7ce50,0x00000000d5d80000)
  to   space 5120K, 0% used [0x00000000d6180000,0x00000000d6180000,0x00000000d6680000)
 ParOldGen       total 294400K, used 52689K [0x0000000080000000, 0x0000000091f80000, 0x00000000d5580000)
  object space 294400K, 17% used [0x0000000080000000,0x0000000083374680,0x0000000091f80000)
 Metaspace       used 55404K, committed 56768K, reserved 1114112K
  class space    used 5980K, committed 6592K, reserved 1048576K
}
Event: 33.863 GC heap before
{Heap before GC invocations=392 (full 2):
 PSYoungGen      total 8192K, used 8161K [0x00000000d5580000, 0x00000000d6680000, 0x0000000100000000)
  eden space 7168K, 99% used [0x00000000d5580000,0x00000000d5c7b8e0,0x00000000d5c80000)
  from space 1024K, 98% used [0x00000000d5c80000,0x00000000d5d7ce50,0x00000000d5d80000)
  to   space 5120K, 0% used [0x00000000d6180000,0x00000000d6180000,0x00000000d6680000)
 ParOldGen       total 294400K, used 52689K [0x0000000080000000, 0x0000000091f80000, 0x00000000d5580000)
  object space 294400K, 17% used [0x0000000080000000,0x0000000083374680,0x0000000091f80000)
 Metaspace       used 56454K, committed 57856K, reserved 1114112K
  class space    used 6081K, committed 6720K, reserved 1048576K
}
Event: 33.866 GC heap after
{Heap after GC invocations=392 (full 2):
 PSYoungGen      total 7680K, used 448K [0x00000000d5580000, 0x00000000d6200000, 0x0000000100000000)
  eden space 7168K, 0% used [0x00000000d5580000,0x00000000d5580000,0x00000000d5c80000)
  from space 512K, 87% used [0x00000000d6180000,0x00000000d61f0020,0x00000000d6200000)
  to   space 2048K, 0% used [0x00000000d5e00000,0x00000000d5e00000,0x00000000d6000000)
 ParOldGen       total 294400K, used 52897K [0x0000000080000000, 0x0000000091f80000, 0x00000000d5580000)
  object space 294400K, 17% used [0x0000000080000000,0x00000000833a86b0,0x0000000091f80000)
 Metaspace       used 56454K, committed 57856K, reserved 1114112K
  class space    used 6081K, committed 6720K, reserved 1048576K
}

