# JRE version: OpenJDK Runtime Environment Temurin-21.0.11+10 (21.0.11+10) (build 21.0.11+10-LTS)
# Java VM: OpenJDK 64-Bit Server VM Temurin-21.0.11+10 (21.0.11+10-LTS, mixed mode, sharing, tiered, compressed oops, compressed class ptrs, parallel gc, windows-amd64)
GC Precious Log:
 CardTable entry size: 512
 CPUs: 8 total, 8 available
 Memory: 6030M
 Large Page Support: Disabled
 NUMA Support: Disabled
 Compressed Oops: Enabled (32-bit)
 Alignments: Space 512K, Generation 512K, Heap 2M
 Heap Min Capacity: 100M
 Heap Initial Capacity: 100M
 Heap Max Capacity: 2G
 Pre-touch: Disabled
 Parallel Workers: 8
Heap:
 PSYoungGen      total 3072K, used 1167K [0x00000000d5580000, 0x00000000d5b00000, 0x0000000100000000)
  eden space 2560K, 25% used [0x00000000d5580000,0x00000000d5625540,0x00000000d5800000)
  from space 512K, 98% used [0x00000000d5980000,0x00000000d59fe900,0x00000000d5a00000)
  to   space 1536K, 0% used [0x00000000d5800000,0x00000000d5800000,0x00000000d5980000)
 ParOldGen       total 201728K, used 201396K [0x0000000080000000, 0x000000008c500000, 0x00000000d5580000)
  object space 201728K, 99% used [0x0000000080000000,0x000000008c4ad320,0x000000008c500000)
 Metaspace       used 70797K, committed 72448K, reserved 1114112K
  class space    used 7427K, committed 8192K, reserved 1048576K
GC Heap History (20 events):
Event: 335.040 GC heap before
{Heap before GC invocations=135 (full 3):
 PSYoungGen      total 3584K, used 2810K [0x00000000d5580000, 0x00000000d5a80000, 0x0000000100000000)
  eden space 2560K, 100% used [0x00000000d5580000,0x00000000d5800000,0x00000000d5800000)
  from space 1024K, 24% used [0x00000000d5900000,0x00000000d593e900,0x00000000d5a00000)
  to   space 512K, 0% used [0x00000000d5a00000,0x00000000d5a00000,0x00000000d5a80000)
 ParOldGen       total 198656K, used 198523K [0x0000000080000000, 0x000000008c200000, 0x00000000d5580000)
  object space 198656K, 99% used [0x0000000080000000,0x000000008c1dedf0,0x000000008c200000)
 Metaspace       used 70346K, committed 72000K, reserved 1114112K
  class space    used 7398K, committed 8128K, reserved 1048576K
}
Event: 335.042 GC heap after
{Heap after GC invocations=135 (full 3):
 PSYoungGen      total 3072K, used 512K [0x00000000d5580000, 0x00000000d5a80000, 0x0000000100000000)
  eden space 2560K, 0% used [0x00000000d5580000,0x00000000d5580000,0x00000000d5800000)
  from space 512K, 100% used [0x00000000d5a00000,0x00000000d5a80000,0x00000000d5a80000)
  to   space 1024K, 0% used [0x00000000d5880000,0x00000000d5880000,0x00000000d5980000)
 ParOldGen       total 199168K, used 198804K [0x0000000080000000, 0x000000008c280000, 0x00000000d5580000)
  object space 199168K, 99% used [0x0000000080000000,0x000000008c225288,0x000000008c280000)
 Metaspace       used 70346K, committed 72000K, reserved 1114112K
  class space    used 7398K, committed 8128K, reserved 1048576K
}
Event: 335.968 GC heap before
{Heap before GC invocations=136 (full 3):
 PSYoungGen      total 3072K, used 3072K [0x00000000d5580000, 0x00000000d5a80000, 0x0000000100000000)
  eden space 2560K, 100% used [0x00000000d5580000,0x00000000d5800000,0x00000000d5800000)
  from space 512K, 100% used [0x00000000d5a00000,0x00000000d5a80000,0x00000000d5a80000)
  to   space 1024K, 0% used [0x00000000d5880000,0x00000000d5880000,0x00000000d5980000)
 ParOldGen       total 199168K, used 198804K [0x0000000080000000, 0x000000008c280000, 0x00000000d5580000)
  object space 199168K, 99% used [0x0000000080000000,0x000000008c225288,0x000000008c280000)
 Metaspace       used 70375K, committed 72064K, reserved 1114112K
  class space    used 7398K, committed 8128K, reserved 1048576K
}
Event: 335.970 GC heap after
{Heap after GC invocations=136 (full 3):
 PSYoungGen      total 3584K, used 548K [0x00000000d5580000, 0x00000000d5a80000, 0x0000000100000000)
  eden space 2560K, 0% used [0x00000000d5580000,0x00000000d5580000,0x00000000d5800000)
  from space 1024K, 53% used [0x00000000d5880000,0x00000000d5909210,0x00000000d5980000)
  to   space 1024K, 0% used [0x00000000d5980000,0x00000000d5980000,0x00000000d5a80000)
 ParOldGen       total 199680K, used 199298K [0x0000000080000000, 0x000000008c300000, 0x00000000d5580000)
  object space 199680K, 99% used [0x0000000080000000,0x000000008c2a0a40,0x000000008c300000)
 Metaspace       used 70375K, committed 72064K, reserved 1114112K
  class space    used 7398K, committed 8128K, reserved 1048576K
}
Event: 340.105 GC heap before
{Heap before GC invocations=137 (full 3):
 PSYoungGen      total 3584K, used 3108K [0x00000000d5580000, 0x00000000d5a80000, 0x0000000100000000)
  eden space 2560K, 100% used [0x00000000d5580000,0x00000000d5800000,0x00000000d5800000)
  from space 1024K, 53% used [0x00000000d5880000,0x00000000d5909210,0x00000000d5980000)
  to   space 1024K, 0% used [0x00000000d5980000,0x00000000d5980000,0x00000000d5a80000)
 ParOldGen       total 199680K, used 199298K [0x0000000080000000, 0x000000008c300000, 0x00000000d5580000)
  object space 199680K, 99% used [0x0000000080000000,0x000000008c2a0a40,0x000000008c300000)
 Metaspace       used 70381K, committed 72064K, reserved 1114112K
  class space    used 7398K, committed 8128K, reserved 1048576K
}
Event: 340.106 GC heap after
{Heap after GC invocations=137 (full 3):
 PSYoungGen      total 3072K, used 250K [0x00000000d5580000, 0x00000000d5a00000, 0x0000000100000000)
  eden space 2560K, 0% used [0x00000000d5580000,0x00000000d5580000,0x00000000d5800000)
  from space 512K, 48% used [0x00000000d5980000,0x00000000d59be900,0x00000000d5a00000)
  to   space 512K, 0% used [0x00000000d5900000,0x00000000d5900000,0x00000000d5980000)
 ParOldGen       total 199680K, used 199608K [0x0000000080000000, 0x000000008c300000, 0x00000000d5580000)
  object space 199680K, 99% used [0x0000000080000000,0x000000008c2ee1c0,0x000000008c300000)
 Metaspace       used 70381K, committed 72064K, reserved 1114112K
  class space    used 7398K, committed 8128K, reserved 1048576K
}
Event: 446.167 GC heap before
{Heap before GC invocations=138 (full 3):
 PSYoungGen      total 3072K, used 2810K [0x00000000d5580000, 0x00000000d5a00000, 0x0000000100000000)
  eden space 2560K, 100% used [0x00000000d5580000,0x00000000d5800000,0x00000000d5800000)
  from space 512K, 48% used [0x00000000d5980000,0x00000000d59be900,0x00000000d5a00000)
  to   space 512K, 0% used [0x00000000d5900000,0x00000000d5900000,0x00000000d5980000)
 ParOldGen       total 199680K, used 199608K [0x0000000080000000, 0x000000008c300000, 0x00000000d5580000)
  object space 199680K, 99% used [0x0000000080000000,0x000000008c2ee1c0,0x000000008c300000)
 Metaspace       used 70390K, committed 72064K, reserved 1114112K
  class space    used 7398K, committed 8128K, reserved 1048576K
}
Event: 446.176 GC heap after
{Heap after GC invocations=138 (full 3):
 PSYoungGen      total 3072K, used 192K [0x00000000d5580000, 0x00000000d5a00000, 0x0000000100000000)
  eden space 2560K, 0% used [0x00000000d5580000,0x00000000d5580000,0x00000000d5800000)
  from space 512K, 37% used [0x00000000d5900000,0x00000000d5930000,0x00000000d5980000)
  to   space 512K, 0% used [0x00000000d5980000,0x00000000d5980000,0x00000000d5a00000)
 ParOldGen       total 199680K, used 199640K [0x0000000080000000, 0x000000008c300000, 0x00000000d5580000)
  object space 199680K, 99% used [0x0000000080000000,0x000000008c2f61c0,0x000000008c300000)
 Metaspace       used 70390K, committed 72064K, reserved 1114112K
  class space    used 7398K, committed 8128K, reserved 1048576K
}
Event: 586.081 GC heap before
{Heap before GC invocations=139 (full 3):
 PSYoungGen      total 3072K, used 2751K [0x00000000d5580000, 0x00000000d5a00000, 0x0000000100000000)
  eden space 2560K, 99% used [0x00000000d5580000,0x00000000d57fffd0,0x00000000d5800000)
  from space 512K, 37% used [0x00000000d5900000,0x00000000d5930000,0x00000000d5980000)
  to   space 512K, 0% used [0x00000000d5980000,0x00000000d5980000,0x00000000d5a00000)
 ParOldGen       total 199680K, used 199640K [0x0000000080000000, 0x000000008c300000, 0x00000000d5580000)
  object space 199680K, 99% used [0x0000000080000000,0x000000008c2f61c0,0x000000008c300000)
 Metaspace       used 70684K, committed 72384K, reserved 1114112K
  class space    used 7427K, committed 8192K, reserved 1048576K
}
Event: 586.087 GC heap after
{Heap after GC invocations=139 (full 3):
 PSYoungGen      total 3072K, used 320K [0x00000000d5580000, 0x00000000d5a00000, 0x0000000100000000)
  eden space 2560K, 0% used [0x00000000d5580000,0x00000000d5580000,0x00000000d5800000)
  from space 512K, 62% used [0x00000000d5980000,0x00000000d59d0000,0x00000000d5a00000)
  to   space 512K, 0% used [0x00000000d5900000,0x00000000d5900000,0x00000000d5980000)
 ParOldGen       total 199680K, used 199672K [0x0000000080000000, 0x000000008c300000, 0x00000000d5580000)
  object space 199680K, 99% used [0x0000000080000000,0x000000008c2fe1c0,0x000000008c300000)
 Metaspace       used 70684K, committed 72384K, reserved 1114112K
  class space    used 7427K, committed 8192K, reserved 1048576K
}
Event: 609.953 GC heap before
{Heap before GC invocations=140 (full 3):
 PSYoungGen      total 3072K, used 2879K [0x00000000d5580000, 0x00000000d5a00000, 0x0000000100000000)
  eden space 2560K, 99% used [0x00000000d5580000,0x00000000d57ffff8,0x00000000d5800000)
  from space 512K, 62% used [0x00000000d5980000,0x00000000d59d0000,0x00000000d5a00000)
  to   space 512K, 0% used [0x00000000d5900000,0x00000000d5900000,0x00000000d5980000)
 ParOldGen       total 199680K, used 199672K [0x0000000080000000, 0x000000008c300000, 0x00000000d5580000)
  object space 199680K, 99% used [0x0000000080000000,0x000000008c2fe1c0,0x000000008c300000)
 Metaspace       used 70694K, committed 72384K, reserved 1114112K
  class space    used 7427K, committed 8192K, reserved 1048576K
}
Event: 609.955 GC heap after
{Heap after GC invocations=140 (full 3):
 PSYoungGen      total 3072K, used 378K [0x00000000d5580000, 0x00000000d5a00000, 0x0000000100000000)
  eden space 2560K, 0% used [0x00000000d5580000,0x00000000d5580000,0x00000000d5800000)
  from space 512K, 73% used [0x00000000d5900000,0x00000000d595e920,0x00000000d5980000)
  to   space 512K, 0% used [0x00000000d5980000,0x00000000d5980000,0x00000000d5a00000)
 ParOldGen       total 200192K, used 199848K [0x0000000080000000, 0x000000008c380000, 0x00000000d5580000)
  object space 200192K, 99% used [0x0000000080000000,0x000000008c32a1c0,0x000000008c380000)
 Metaspace       used 70694K, committed 72384K, reserved 1114112K
  class space    used 7427K, committed 8192K, reserved 1048576K
}
Event: 720.622 GC heap before
{Heap before GC invocations=141 (full 3):
 PSYoungGen      total 3072K, used 2938K [0x00000000d5580000, 0x00000000d5a00000, 0x0000000100000000)
  eden space 2560K, 100% used [0x00000000d5580000,0x00000000d5800000,0x00000000d5800000)
  from space 512K, 73% used [0x00000000d5900000,0x00000000d595e920,0x00000000d5980000)
  to   space 512K, 0% used [0x00000000d5980000,0x00000000d5980000,0x00000000d5a00000)
 ParOldGen       total 200192K, used 199848K [0x0000000080000000, 0x000000008c380000, 0x00000000d5580000)
  object space 200192K, 99% used [0x0000000080000000,0x000000008c32a1c0,0x000000008c380000)
 Metaspace       used 70707K, committed 72384K, reserved 1114112K
  class space    used 7427K, committed 8192K, reserved 1048576K
}
Event: 720.627 GC heap after
{Heap after GC invocations=141 (full 3):
 PSYoungGen      total 3072K, used 224K [0x00000000d5580000, 0x00000000d5a00000, 0x0000000100000000)
  eden space 2560K, 0% used [0x00000000d5580000,0x00000000d5580000,0x00000000d5800000)
  from space 512K, 43% used [0x00000000d5980000,0x00000000d59b8000,0x00000000d5a00000)
  to   space 512K, 0% used [0x00000000d5900000,0x00000000d5900000,0x00000000d5980000)
 ParOldGen       total 200192K, used 199960K [0x0000000080000000, 0x000000008c380000, 0x00000000d5580000)
  object space 200192K, 99% used [0x0000000080000000,0x000000008c3461e0,0x000000008c380000)
 Metaspace       used 70707K, committed 72384K, reserved 1114112K
  class space    used 7427K, committed 8192K, reserved 1048576K
}
Event: 721.873 GC heap before
{Heap before GC invocations=142 (full 3):
 PSYoungGen      total 3072K, used 2784K [0x00000000d5580000, 0x00000000d5a00000, 0x0000000100000000)
  eden space 2560K, 100% used [0x00000000d5580000,0x00000000d5800000,0x00000000d5800000)
  from space 512K, 43% used [0x00000000d5980000,0x00000000d59b8000,0x00000000d5a00000)
  to   space 512K, 0% used [0x00000000d5900000,0x00000000d5900000,0x00000000d5980000)
 ParOldGen       total 200192K, used 199960K [0x0000000080000000, 0x000000008c380000, 0x00000000d5580000)
  object space 200192K, 99% used [0x0000000080000000,0x000000008c3461e0,0x000000008c380000)
 Metaspace       used 70719K, committed 72384K, reserved 1114112K
  class space    used 7427K, committed 8192K, reserved 1048576K
}
Event: 721.877 GC heap after
{Heap after GC invocations=142 (full 3):
 PSYoungGen      total 3072K, used 496K [0x00000000d5580000, 0x00000000d5a00000, 0x0000000100000000)
  eden space 2560K, 0% used [0x00000000d5580000,0x00000000d5580000,0x00000000d5800000)
  from space 512K, 96% used [0x00000000d5900000,0x00000000d597c030,0x00000000d5980000)
  to   space 512K, 0% used [0x00000000d5980000,0x00000000d5980000,0x00000000d5a00000)
 ParOldGen       total 200192K, used 200000K [0x0000000080000000, 0x000000008c380000, 0x00000000d5580000)
  object space 200192K, 99% used [0x0000000080000000,0x000000008c3501e0,0x000000008c380000)
 Metaspace       used 70719K, committed 72384K, reserved 1114112K
  class space    used 7427K, committed 8192K, reserved 1048576K
}
Event: 722.548 GC heap before
{Heap before GC invocations=143 (full 3):
 PSYoungGen      total 3072K, used 3056K [0x00000000d5580000, 0x00000000d5a00000, 0x0000000100000000)
  eden space 2560K, 100% used [0x00000000d5580000,0x00000000d5800000,0x00000000d5800000)
  from space 512K, 96% used [0x00000000d5900000,0x00000000d597c030,0x00000000d5980000)
  to   space 512K, 0% used [0x00000000d5980000,0x00000000d5980000,0x00000000d5a00000)
 ParOldGen       total 200192K, used 200000K [0x0000000080000000, 0x000000008c380000, 0x00000000d5580000)
  object space 200192K, 99% used [0x0000000080000000,0x000000008c3501e0,0x000000008c380000)
 Metaspace       used 70726K, committed 72384K, reserved 1114112K
  class space    used 7427K, committed 8192K, reserved 1048576K
}
Event: 722.551 GC heap after
{Heap after GC invocations=143 (full 3):
 PSYoungGen      total 3072K, used 288K [0x00000000d5580000, 0x00000000d5a00000, 0x0000000100000000)
  eden space 2560K, 0% used [0x00000000d5580000,0x00000000d5580000,0x00000000d5800000)
  from space 512K, 56% used [0x00000000d5980000,0x00000000d59c8000,0x00000000d5a00000)
  to   space 512K, 0% used [0x00000000d5900000,0x00000000d5900000,0x00000000d5980000)
 ParOldGen       total 200704K, used 200192K [0x0000000080000000, 0x000000008c400000, 0x00000000d5580000)
  object space 200704K, 99% used [0x0000000080000000,0x000000008c380220,0x000000008c400000)
 Metaspace       used 70726K, committed 72384K, reserved 1114112K
  class space    used 7427K, committed 8192K, reserved 1048576K
}
Event: 722.712 GC heap before
{Heap before GC invocations=144 (full 3):
 PSYoungGen      total 3072K, used 2848K [0x00000000d5580000, 0x00000000d5a00000, 0x0000000100000000)
  eden space 2560K, 100% used [0x00000000d5580000,0x00000000d5800000,0x00000000d5800000)
  from space 512K, 56% used [0x00000000d5980000,0x00000000d59c8000,0x00000000d5a00000)
  to   space 512K, 0% used [0x00000000d5900000,0x00000000d5900000,0x00000000d5980000)
 ParOldGen       total 200704K, used 200192K [0x0000000080000000, 0x000000008c400000, 0x00000000d5580000)
  object space 200704K, 99% used [0x0000000080000000,0x000000008c380220,0x000000008c400000)
 Metaspace       used 70780K, committed 72448K, reserved 1114112K
  class space    used 7427K, committed 8192K, reserved 1048576K
}
Event: 722.716 GC heap after
{Heap after GC invocations=144 (full 3):
 PSYoungGen      total 3072K, used 512K [0x00000000d5580000, 0x00000000d5a00000, 0x0000000100000000)
  eden space 2560K, 0% used [0x00000000d5580000,0x00000000d5580000,0x00000000d5800000)
  from space 512K, 100% used [0x00000000d5900000,0x00000000d5980000,0x00000000d5980000)
  to   space 512K, 0% used [0x00000000d5980000,0x00000000d5980000,0x00000000d5a00000)
 ParOldGen       total 200704K, used 200637K [0x0000000080000000, 0x000000008c400000, 0x00000000d5580000)
  object space 200704K, 99% used [0x0000000080000000,0x000000008c3ef6d8,0x000000008c400000)
 Metaspace       used 70780K, committed 72448K, reserved 1114112K
  class space    used 7427K, committed 8192K, reserved 1048576K
}

