# JRE version: OpenJDK Runtime Environment Temurin-21.0.10+7 (21.0.10+7) (build 21.0.10+7-LTS)
# Java VM: OpenJDK 64-Bit Server VM Temurin-21.0.10+7 (21.0.10+7-LTS, mixed mode, sharing, tiered, compressed oops, compressed class ptrs, parallel gc, windows-amd64)
GC Precious Log:
 CardTable entry size: 512
 CPUs: 8 total, 8 available
 Memory: 6030M
 Large Page Support: Disabled
 NUMA Support: Disabled
 Compressed Oops: Enabled (32-bit)
 Alignments: Space 512K, Generation 512K, Heap 2M
 Heap Min Capacity: 100M
 Heap Initial Capacity: 100M
 Heap Max Capacity: 2G
 Pre-touch: Disabled
 Parallel Workers: 8
Heap:
 PSYoungGen      total 15360K, used 15360K [0x00000000d5580000, 0x00000000d6600000, 0x0000000100000000)
  eden space 14336K, 100% used [0x00000000d5580000,0x00000000d6380000,0x00000000d6380000)
  from space 1024K, 100% used [0x00000000d6400000,0x00000000d6500000,0x00000000d6500000)
  to   space 1024K, 100% used [0x00000000d6500000,0x00000000d6600000,0x00000000d6600000)
 ParOldGen       total 250368K, used 250361K [0x0000000080000000, 0x000000008f480000, 0x00000000d5580000)
  object space 250368K, 99% used [0x0000000080000000,0x000000008f47e7f0,0x000000008f480000)
 Metaspace       used 51194K, committed 52416K, reserved 1114112K
  class space    used 5604K, committed 6144K, reserved 1048576K
GC Heap History (20 events):
Event: 34.095 GC heap after
{Heap after GC invocations=297 (full 2):
 PSYoungGen      total 16384K, used 1792K [0x00000000d5580000, 0x00000000d6780000, 0x0000000100000000)
  eden space 14336K, 0% used [0x00000000d5580000,0x00000000d5580000,0x00000000d6380000)
  from space 2048K, 87% used [0x00000000d6380000,0x00000000d6540000,0x00000000d6580000)
  to   space 2048K, 0% used [0x00000000d6580000,0x00000000d6580000,0x00000000d6780000)
 ParOldGen       total 235520K, used 235157K [0x0000000080000000, 0x000000008e600000, 0x00000000d5580000)
  object space 235520K, 99% used [0x0000000080000000,0x000000008e5a5450,0x000000008e600000)
 Metaspace       used 51194K, committed 52416K, reserved 1114112K
  class space    used 5604K, committed 6144K, reserved 1048576K
}
Event: 34.114 GC heap before
{Heap before GC invocations=298 (full 2):
 PSYoungGen      total 16384K, used 16128K [0x00000000d5580000, 0x00000000d6780000, 0x0000000100000000)
  eden space 14336K, 100% used [0x00000000d5580000,0x00000000d6380000,0x00000000d6380000)
  from space 2048K, 87% used [0x00000000d6380000,0x00000000d6540000,0x00000000d6580000)
  to   space 2048K, 0% used [0x00000000d6580000,0x00000000d6580000,0x00000000d6780000)
 ParOldGen       total 235520K, used 235157K [0x0000000080000000, 0x000000008e600000, 0x00000000d5580000)
  object space 235520K, 99% used [0x0000000080000000,0x000000008e5a5450,0x000000008e600000)
 Metaspace       used 51194K, committed 52416K, reserved 1114112K
  class space    used 5604K, committed 6144K, reserved 1048576K
}
Event: 34.116 GC heap after
{Heap after GC invocations=298 (full 2):
 PSYoungGen      total 16384K, used 1536K [0x00000000d5580000, 0x00000000d6780000, 0x0000000100000000)
  eden space 14336K, 0% used [0x00000000d5580000,0x00000000d5580000,0x00000000d6380000)
  from space 2048K, 75% used [0x00000000d6580000,0x00000000d6700000,0x00000000d6780000)
  to   space 2048K, 0% used [0x00000000d6380000,0x00000000d6380000,0x00000000d6580000)
 ParOldGen       total 235520K, used 235517K [0x0000000080000000, 0x000000008e600000, 0x00000000d5580000)
  object space 235520K, 99% used [0x0000000080000000,0x000000008e5ff690,0x000000008e600000)
 Metaspace       used 51194K, committed 52416K, reserved 1114112K
  class space    used 5604K, committed 6144K, reserved 1048576K
}
Event: 34.134 GC heap before
{Heap before GC invocations=299 (full 2):
 PSYoungGen      total 16384K, used 15872K [0x00000000d5580000, 0x00000000d6780000, 0x0000000100000000)
  eden space 14336K, 100% used [0x00000000d5580000,0x00000000d6380000,0x00000000d6380000)
  from space 2048K, 75% used [0x00000000d6580000,0x00000000d6700000,0x00000000d6780000)
  to   space 2048K, 0% used [0x00000000d6380000,0x00000000d6380000,0x00000000d6580000)
 ParOldGen       total 235520K, used 235517K [0x0000000080000000, 0x000000008e600000, 0x00000000d5580000)
  object space 235520K, 99% used [0x0000000080000000,0x000000008e5ff690,0x000000008e600000)
 Metaspace       used 51194K, committed 52416K, reserved 1114112K
  class space    used 5604K, committed 6144K, reserved 1048576K
}
Event: 34.136 GC heap after
{Heap after GC invocations=299 (full 2):
 PSYoungGen      total 16384K, used 1600K [0x00000000d5580000, 0x00000000d6780000, 0x0000000100000000)
  eden space 14336K, 0% used [0x00000000d5580000,0x00000000d5580000,0x00000000d6380000)
  from space 2048K, 78% used [0x00000000d6380000,0x00000000d6510000,0x00000000d6580000)
  to   space 2048K, 0% used [0x00000000d6580000,0x00000000d6580000,0x00000000d6780000)
 ParOldGen       total 236032K, used 235882K [0x0000000080000000, 0x000000008e680000, 0x00000000d5580000)
  object space 236032K, 99% used [0x0000000080000000,0x000000008e65a8b8,0x000000008e680000)
 Metaspace       used 51194K, committed 52416K, reserved 1114112K
  class space    used 5604K, committed 6144K, reserved 1048576K
}
Event: 34.155 GC heap before
{Heap before GC invocations=300 (full 2):
 PSYoungGen      total 16384K, used 15936K [0x00000000d5580000, 0x00000000d6780000, 0x0000000100000000)
  eden space 14336K, 100% used [0x00000000d5580000,0x00000000d6380000,0x00000000d6380000)
  from space 2048K, 78% used [0x00000000d6380000,0x00000000d6510000,0x00000000d6580000)
  to   space 2048K, 0% used [0x00000000d6580000,0x00000000d6580000,0x00000000d6780000)
 ParOldGen       total 236032K, used 235882K [0x0000000080000000, 0x000000008e680000, 0x00000000d5580000)
  object space 236032K, 99% used [0x0000000080000000,0x000000008e65a8b8,0x000000008e680000)
 Metaspace       used 51194K, committed 52416K, reserved 1114112K
  class space    used 5604K, committed 6144K, reserved 1048576K
}
Event: 34.157 GC heap after
{Heap after GC invocations=300 (full 2):
 PSYoungGen      total 15872K, used 1216K [0x00000000d5580000, 0x00000000d6700000, 0x0000000100000000)
  eden space 14336K, 0% used [0x00000000d5580000,0x00000000d5580000,0x00000000d6380000)
  from space 1536K, 79% used [0x00000000d6580000,0x00000000d66b0000,0x00000000d6700000)
  to   space 1536K, 0% used [0x00000000d6400000,0x00000000d6400000,0x00000000d6580000)
 ParOldGen       total 236544K, used 236375K [0x0000000080000000, 0x000000008e700000, 0x00000000d5580000)
  object space 236544K, 99% used [0x0000000080000000,0x000000008e6d5c00,0x000000008e700000)
 Metaspace       used 51194K, committed 52416K, reserved 1114112K
  class space    used 5604K, committed 6144K, reserved 1048576K
}
Event: 34.174 GC heap before
{Heap before GC invocations=301 (full 2):
 PSYoungGen      total 15872K, used 15552K [0x00000000d5580000, 0x00000000d6700000, 0x0000000100000000)
  eden space 14336K, 100% used [0x00000000d5580000,0x00000000d6380000,0x00000000d6380000)
  from space 1536K, 79% used [0x00000000d6580000,0x00000000d66b0000,0x00000000d6700000)
  to   space 1536K, 0% used [0x00000000d6400000,0x00000000d6400000,0x00000000d6580000)
 ParOldGen       total 236544K, used 236375K [0x0000000080000000, 0x000000008e700000, 0x00000000d5580000)
  object space 236544K, 99% used [0x0000000080000000,0x000000008e6d5c00,0x000000008e700000)
 Metaspace       used 51194K, committed 52416K, reserved 1114112K
  class space    used 5604K, committed 6144K, reserved 1048576K
}
Event: 34.176 GC heap after
{Heap after GC invocations=301 (full 2):
 PSYoungGen      total 15360K, used 864K [0x00000000d5580000, 0x00000000d6600000, 0x0000000100000000)
  eden space 14336K, 0% used [0x00000000d5580000,0x00000000d5580000,0x00000000d6380000)
  from space 1024K, 84% used [0x00000000d6400000,0x00000000d64d8000,0x00000000d6500000)
  to   space 1024K, 0% used [0x00000000d6500000,0x00000000d6500000,0x00000000d6600000)
 ParOldGen       total 237056K, used 236691K [0x0000000080000000, 0x000000008e780000, 0x00000000d5580000)
  object space 237056K, 99% used [0x0000000080000000,0x000000008e724d98,0x000000008e780000)
 Metaspace       used 51194K, committed 52416K, reserved 1114112K
  class space    used 5604K, committed 6144K, reserved 1048576K
}
Event: 34.192 GC heap before
{Heap before GC invocations=302 (full 2):
 PSYoungGen      total 15360K, used 15200K [0x00000000d5580000, 0x00000000d6600000, 0x0000000100000000)
  eden space 14336K, 100% used [0x00000000d5580000,0x00000000d6380000,0x00000000d6380000)
  from space 1024K, 84% used [0x00000000d6400000,0x00000000d64d8000,0x00000000d6500000)
  to   space 1024K, 0% used [0x00000000d6500000,0x00000000d6500000,0x00000000d6600000)
 ParOldGen       total 237056K, used 236691K [0x0000000080000000, 0x000000008e780000, 0x00000000d5580000)
  object space 237056K, 99% used [0x0000000080000000,0x000000008e724d98,0x000000008e780000)
 Metaspace       used 51194K, committed 52416K, reserved 1114112K
  class space    used 5604K, committed 6144K, reserved 1048576K
}
Event: 34.193 GC heap after
{Heap after GC invocations=302 (full 2):
 PSYoungGen      total 15360K, used 640K [0x00000000d5580000, 0x00000000d6600000, 0x0000000100000000)
  eden space 14336K, 0% used [0x00000000d5580000,0x00000000d5580000,0x00000000d6380000)
  from space 1024K, 62% used [0x00000000d6500000,0x00000000d65a0000,0x00000000d6600000)
  to   space 1024K, 0% used [0x00000000d6400000,0x00000000d6400000,0x00000000d6500000)
 ParOldGen       total 237056K, used 237019K [0x0000000080000000, 0x000000008e780000, 0x00000000d5580000)
  object space 237056K, 99% used [0x0000000080000000,0x000000008e776fc0,0x000000008e780000)
 Metaspace       used 51194K, committed 52416K, reserved 1114112K
  class space    used 5604K, committed 6144K, reserved 1048576K
}
Event: 34.207 GC heap before
{Heap before GC invocations=303 (full 2):
 PSYoungGen      total 15360K, used 14976K [0x00000000d5580000, 0x00000000d6600000, 0x0000000100000000)
  eden space 14336K, 100% used [0x00000000d5580000,0x00000000d6380000,0x00000000d6380000)
  from space 1024K, 62% used [0x00000000d6500000,0x00000000d65a0000,0x00000000d6600000)
  to   space 1024K, 0% used [0x00000000d6400000,0x00000000d6400000,0x00000000d6500000)
 ParOldGen       total 237056K, used 237019K [0x0000000080000000, 0x000000008e780000, 0x00000000d5580000)
  object space 237056K, 99% used [0x0000000080000000,0x000000008e776fc0,0x000000008e780000)
 Metaspace       used 51194K, committed 52416K, reserved 1114112K
  class space    used 5604K, committed 6144K, reserved 1048576K
}
Event: 34.213 GC heap after
{Heap after GC invocations=303 (full 2):
 PSYoungGen      total 15360K, used 1024K [0x00000000d5580000, 0x00000000d6600000, 0x0000000100000000)
  eden space 14336K, 0% used [0x00000000d5580000,0x00000000d5580000,0x00000000d6380000)
  from space 1024K, 100% used [0x00000000d6400000,0x00000000d6500000,0x00000000d6500000)
  to   space 1024K, 0% used [0x00000000d6500000,0x00000000d6500000,0x00000000d6600000)
 ParOldGen       total 241152K, used 240961K [0x0000000080000000, 0x000000008eb80000, 0x00000000d5580000)
  object space 241152K, 99% used [0x0000000080000000,0x000000008eb50668,0x000000008eb80000)
 Metaspace       used 51194K, committed 52416K, reserved 1114112K
  class space    used 5604K, committed 6144K, reserved 1048576K
}
Event: 34.231 GC heap before
{Heap before GC invocations=304 (full 2):
 PSYoungGen      total 15360K, used 15360K [0x00000000d5580000, 0x00000000d6600000, 0x0000000100000000)
  eden space 14336K, 100% used [0x00000000d5580000,0x00000000d6380000,0x00000000d6380000)
  from space 1024K, 100% used [0x00000000d6400000,0x00000000d6500000,0x00000000d6500000)
  to   space 1024K, 0% used [0x00000000d6500000,0x00000000d6500000,0x00000000d6600000)
 ParOldGen       total 241152K, used 240961K [0x0000000080000000, 0x000000008eb80000, 0x00000000d5580000)
  object space 241152K, 99% used [0x0000000080000000,0x000000008eb50668,0x000000008eb80000)
 Metaspace       used 51194K, committed 52416K, reserved 1114112K
  class space    used 5604K, committed 6144K, reserved 1048576K
}
Event: 34.237 GC heap after
{Heap after GC invocations=304 (full 2):
 PSYoungGen      total 15360K, used 1024K [0x00000000d5580000, 0x00000000d6600000, 0x0000000100000000)
  eden space 14336K, 0% used [0x00000000d5580000,0x00000000d5580000,0x00000000d6380000)
  from space 1024K, 100% used [0x00000000d6500000,0x00000000d6600000,0x00000000d6600000)
  to   space 1024K, 0% used [0x00000000d6400000,0x00000000d6400000,0x00000000d6500000)
 ParOldGen       total 245248K, used 244939K [0x0000000080000000, 0x000000008ef80000, 0x00000000d5580000)
  object space 245248K, 99% used [0x0000000080000000,0x000000008ef32d28,0x000000008ef80000)
 Metaspace       used 51194K, committed 52416K, reserved 1114112K
  class space    used 5604K, committed 6144K, reserved 1048576K
}
Event: 34.256 GC heap before
{Heap before GC invocations=305 (full 2):
 PSYoungGen      total 15360K, used 15356K [0x00000000d5580000, 0x00000000d6600000, 0x0000000100000000)
  eden space 14336K, 99% used [0x00000000d5580000,0x00000000d637f0e8,0x00000000d6380000)
  from space 1024K, 100% used [0x00000000d6500000,0x00000000d6600000,0x00000000d6600000)
  to   space 1024K, 0% used [0x00000000d6400000,0x00000000d6400000,0x00000000d6500000)
 ParOldGen       total 245248K, used 244939K [0x0000000080000000, 0x000000008ef80000, 0x00000000d5580000)
  object space 245248K, 99% used [0x0000000080000000,0x000000008ef32d28,0x000000008ef80000)
 Metaspace       used 51194K, committed 52416K, reserved 1114112K
  class space    used 5604K, committed 6144K, reserved 1048576K
}
Event: 34.261 GC heap after
{Heap after GC invocations=305 (full 2):
 PSYoungGen      total 15360K, used 1024K [0x00000000d5580000, 0x00000000d6600000, 0x0000000100000000)
  eden space 14336K, 0% used [0x00000000d5580000,0x00000000d5580000,0x00000000d6380000)
  from space 1024K, 100% used [0x00000000d6400000,0x00000000d6500000,0x00000000d6500000)
  to   space 1024K, 0% used [0x00000000d6500000,0x00000000d6500000,0x00000000d6600000)
 ParOldGen       total 249344K, used 249129K [0x0000000080000000, 0x000000008f380000, 0x00000000d5580000)
  object space 249344K, 99% used [0x0000000080000000,0x000000008f34a4a8,0x000000008f380000)
 Metaspace       used 51194K, committed 52416K, reserved 1114112K
  class space    used 5604K, committed 6144K, reserved 1048576K
}
Event: 34.277 GC heap before
{Heap before GC invocations=306 (full 2):
 PSYoungGen      total 15360K, used 15360K [0x00000000d5580000, 0x00000000d6600000, 0x0000000100000000)
  eden space 14336K, 100% used [0x00000000d5580000,0x00000000d6380000,0x00000000d6380000)
  from space 1024K, 100% used [0x00000000d6400000,0x00000000d6500000,0x00000000d6500000)
  to   space 1024K, 0% used [0x00000000d6500000,0x00000000d6500000,0x00000000d6600000)
 ParOldGen       total 249344K, used 249129K [0x0000000080000000, 0x000000008f380000, 0x00000000d5580000)
  object space 249344K, 99% used [0x0000000080000000,0x000000008f34a4a8,0x000000008f380000)
 Metaspace       used 51194K, committed 52416K, reserved 1114112K
  class space    used 5604K, committed 6144K, reserved 1048576K
}
Event: 34.284 GC heap after
{Heap after GC invocations=306 (full 2):
 PSYoungGen      total 15360K, used 15360K [0x00000000d5580000, 0x00000000d6600000, 0x0000000100000000)
  eden space 14336K, 100% used [0x00000000d5580000,0x00000000d6380000,0x00000000d6380000)
  from space 1024K, 100% used [0x00000000d6400000,0x00000000d6500000,0x00000000d6500000)
  to   space 1024K, 100% used [0x00000000d6500000,0x00000000d6600000,0x00000000d6600000)
 ParOldGen       total 250368K, used 250361K [0x0000000080000000, 0x000000008f480000, 0x00000000d5580000)
  object space 250368K, 99% used [0x0000000080000000,0x000000008f47e7f0,0x000000008f480000)
 Metaspace       used 51194K, committed 52416K, reserved 1114112K
  class space    used 5604K, committed 6144K, reserved 1048576K
}
Event: 34.284 GC heap before
{Heap before GC invocations=307 (full 3):
 PSYoungGen      total 15360K, used 15360K [0x00000000d5580000, 0x00000000d6600000, 0x0000000100000000)
  eden space 14336K, 100% used [0x00000000d5580000,0x00000000d6380000,0x00000000d6380000)
  from space 1024K, 100% used [0x00000000d6400000,0x00000000d6500000,0x00000000d6500000)
  to   space 1024K, 100% used [0x00000000d6500000,0x00000000d6600000,0x00000000d6600000)
 ParOldGen       total 250368K, used 250361K [0x0000000080000000, 0x000000008f480000, 0x00000000d5580000)
  object space 250368K, 99% used [0x0000000080000000,0x000000008f47e7f0,0x000000008f480000)
 Metaspace       used 51194K, committed 52416K, reserved 1114112K
  class space    used 5604K, committed 6144K, reserved 1048576K
}

