# JRE version: Java(TM) SE Runtime Environment (23.0+37) (build 23+37-2369)
# Java VM: Java HotSpot(TM) 64-Bit Server VM (23+37-2369, mixed mode, sharing, tiered, compressed oops, compressed class ptrs, g1 gc, windows-amd64)
GC Precious Log:
 CardTable entry size: 512
 Card Set container configuration: InlinePtr #cards 5 size 8 Array Of Cards #cards 10 size 36 Howl #buckets 4 coarsen threshold 1843 Howl Bitmap #cards 512 size 80 coarsen threshold 460 Card regions per heap region 1 cards per card region 2048
 CPUs: 8 total, 8 available
 Memory: 6030M
 Large Page Support: Disabled
 NUMA Support: Disabled
 Compressed Oops: Enabled (32-bit)
 Heap Region Size: 1M
 Heap Min Capacity: 8M
 Heap Initial Capacity: 96M
 Heap Max Capacity: 1508M
 Pre-touch: Disabled
 Parallel Workers: 8
 Concurrent Workers: 2
 Concurrent Refinement Workers: 8
 Periodic GC: Disabled
Heap:
 garbage-first heap   total reserved 1544192K, committed 86016K, used 66814K [0x00000000a1c00000, 0x0000000100000000)
  region size 1024K, 48 young (49152K), 7 survivors (7168K)
 Metaspace       used 25492K, committed 25856K, reserved 1114112K
  class space    used 3051K, committed 3200K, reserved 1048576K
GC Heap History (12 events):
Event: 1.033 GC heap before
{Heap before GC invocations=0 (full 0):
 garbage-first heap   total reserved 1544192K, committed 98304K, used 23552K [0x00000000a1c00000, 0x0000000100000000)
  region size 1024K, 24 young (24576K), 0 survivors (0K)
 Metaspace       used 5952K, committed 6144K, reserved 1114112K
  class space    used 736K, committed 832K, reserved 1048576K
}
Event: 1.045 GC heap after
{Heap after GC invocations=1 (full 0):
 garbage-first heap   total reserved 1544192K, committed 98304K, used 3840K [0x00000000a1c00000, 0x0000000100000000)
  region size 1024K, 3 young (3072K), 3 survivors (3072K)
 Metaspace       used 5952K, committed 6144K, reserved 1114112K
  class space    used 736K, committed 832K, reserved 1048576K
}
Event: 1.788 GC heap before
{Heap before GC invocations=1 (full 0):
 garbage-first heap   total reserved 1544192K, committed 98304K, used 26368K [0x00000000a1c00000, 0x0000000100000000)
  region size 1024K, 25 young (25600K), 3 survivors (3072K)
 Metaspace       used 8830K, committed 9088K, reserved 1114112K
  class space    used 1082K, committed 1216K, reserved 1048576K
}
Event: 1.797 GC heap after
{Heap after GC invocations=2 (full 0):
 garbage-first heap   total reserved 1544192K, committed 98304K, used 5342K [0x00000000a1c00000, 0x0000000100000000)
  region size 1024K, 2 young (2048K), 2 survivors (2048K)
 Metaspace       used 8830K, committed 9088K, reserved 1114112K
  class space    used 1082K, committed 1216K, reserved 1048576K
}
Event: 3.529 GC heap before
{Heap before GC invocations=2 (full 0):
 garbage-first heap   total reserved 1544192K, committed 98304K, used 54494K [0x00000000a1c00000, 0x0000000100000000)
  region size 1024K, 50 young (51200K), 2 survivors (2048K)
 Metaspace       used 15594K, committed 15808K, reserved 1114112K
  class space    used 1920K, committed 2048K, reserved 1048576K
}
Event: 3.545 GC heap after
{Heap after GC invocations=3 (full 0):
 garbage-first heap   total reserved 1544192K, committed 98304K, used 11212K [0x00000000a1c00000, 0x0000000100000000)
  region size 1024K, 7 young (7168K), 7 survivors (7168K)
 Metaspace       used 15594K, committed 15808K, reserved 1114112K
  class space    used 1920K, committed 2048K, reserved 1048576K
}
Event: 4.471 GC heap before
{Heap before GC invocations=3 (full 0):
 garbage-first heap   total reserved 1544192K, committed 98304K, used 56268K [0x00000000a1c00000, 0x0000000100000000)
  region size 1024K, 51 young (52224K), 7 survivors (7168K)
 Metaspace       used 16172K, committed 16448K, reserved 1114112K
  class space    used 1947K, committed 2112K, reserved 1048576K
}
Event: 4.495 GC heap after
{Heap after GC invocations=4 (full 0):
 garbage-first heap   total reserved 1544192K, committed 98304K, used 14673K [0x00000000a1c00000, 0x0000000100000000)
  region size 1024K, 4 young (4096K), 4 survivors (4096K)
 Metaspace       used 16172K, committed 16448K, reserved 1114112K
  class space    used 1947K, committed 2112K, reserved 1048576K
}
Event: 6.118 GC heap before
{Heap before GC invocations=4 (full 0):
 garbage-first heap   total reserved 1544192K, committed 98304K, used 90449K [0x00000000a1c00000, 0x0000000100000000)
  region size 1024K, 47 young (48128K), 4 survivors (4096K)
 Metaspace       used 19774K, committed 20096K, reserved 1114112K
  class space    used 2340K, committed 2496K, reserved 1048576K
}
Event: 6.129 GC heap after
{Heap after GC invocations=5 (full 0):
 garbage-first heap   total reserved 1544192K, committed 98304K, used 16209K [0x00000000a1c00000, 0x0000000100000000)
  region size 1024K, 5 young (5120K), 5 survivors (5120K)
 Metaspace       used 19774K, committed 20096K, reserved 1114112K
  class space    used 2340K, committed 2496K, reserved 1048576K
}
Event: 6.492 GC heap before
{Heap before GC invocations=5 (full 0):
 garbage-first heap   total reserved 1544192K, committed 98304K, used 37713K [0x00000000a1c00000, 0x0000000100000000)
  region size 1024K, 22 young (22528K), 5 survivors (5120K)
 Metaspace       used 21183K, committed 21504K, reserved 1114112K
  class space    used 2542K, committed 2688K, reserved 1048576K
}
Event: 6.505 GC heap after
{Heap after GC invocations=6 (full 0):
 garbage-first heap   total reserved 1544192K, committed 98304K, used 24830K [0x00000000a1c00000, 0x0000000100000000)
  region size 1024K, 7 young (7168K), 7 survivors (7168K)
 Metaspace       used 21183K, committed 21504K, reserved 1114112K
  class space    used 2542K, committed 2688K, reserved 1048576K
}

