# JRE version: Java(TM) SE Runtime Environment (23.0+37) (build 23+37-2369)
# Java VM: Java HotSpot(TM) 64-Bit Server VM (23+37-2369, mixed mode, sharing, tiered, compressed oops, compressed class ptrs, serial gc, windows-amd64)
GC Precious Log:
 CardTable entry size: 512
 CPUs: 8 total, 8 available
 Memory: 6030M
 Large Page Support: Disabled
 NUMA Support: Disabled
 Compressed Oops: Enabled (32-bit)
 Heap Min Capacity: 8M
 Heap Initial Capacity: 96M
 Heap Max Capacity: 512M
 Pre-touch: Disabled
Heap:
 def new generation   total 29504K, used 27266K [0x00000000e0000000, 0x00000000e2000000, 0x00000000eaaa0000)
  eden space 26240K,  91% used [0x00000000e0000000, 0x00000000e1770b70, 0x00000000e19a0000)
  from space 3264K, 100% used [0x00000000e19a0000, 0x00000000e1cd0000, 0x00000000e1cd0000)
  to   space 3264K,   0% used [0x00000000e1cd0000, 0x00000000e1cd0000, 0x00000000e2000000)
 tenured generation   total 65536K, used 8509K [0x00000000eaaa0000, 0x00000000eeaa0000, 0x0000000100000000)
   the space 65536K,  12% used [0x00000000eaaa0000, 0x00000000eb2ef698, 0x00000000eeaa0000)
 Metaspace       used 16012K, committed 16320K, reserved 278528K
  class space    used 1947K, committed 2112K, reserved 212992K
GC Heap History (8 events):
Event: 0.997 GC heap before
{Heap before GC invocations=0 (full 0):
 def new generation   total 29504K, used 26240K [0x00000000e0000000, 0x00000000e2000000, 0x00000000eaaa0000)
  eden space 26240K, 100% used [0x00000000e0000000, 0x00000000e19a0000, 0x00000000e19a0000)
  from space 3264K,   0% used [0x00000000e19a0000, 0x00000000e19a0000, 0x00000000e1cd0000)
  to   space 3264K,   0% used [0x00000000e1cd0000, 0x00000000e1cd0000, 0x00000000e2000000)
 tenured generation   total 65536K, used 0K [0x00000000eaaa0000, 0x00000000eeaa0000, 0x0000000100000000)
   the space 65536K,   0% used [0x00000000eaaa0000, 0x00000000eaaa0000, 0x00000000eeaa0000)
 Metaspace       used 6007K, committed 6208K, reserved 278528K
  class space    used 745K, committed 832K, reserved 212992K
}
Event: 1.009 GC heap after
{Heap after GC invocations=1 (full 0):
 def new generation   total 29504K, used 3263K [0x00000000e0000000, 0x00000000e2000000, 0x00000000eaaa0000)
  eden space 26240K,   0% used [0x00000000e0000000, 0x00000000e0000000, 0x00000000e19a0000)
  from space 3264K,  99% used [0x00000000e1cd0000, 0x00000000e1fffff8, 0x00000000e2000000)
  to   space 3264K,   0% used [0x00000000e19a0000, 0x00000000e19a0000, 0x00000000e1cd0000)
 tenured generation   total 65536K, used 507K [0x00000000eaaa0000, 0x00000000eeaa0000, 0x0000000100000000)
   the space 65536K,   0% used [0x00000000eaaa0000, 0x00000000eab1ecc8, 0x00000000eeaa0000)
 Metaspace       used 6007K, committed 6208K, reserved 278528K
  class space    used 745K, committed 832K, reserved 212992K
}
Event: 1.773 GC heap before
{Heap before GC invocations=1 (full 0):
 def new generation   total 29504K, used 29503K [0x00000000e0000000, 0x00000000e2000000, 0x00000000eaaa0000)
  eden space 26240K, 100% used [0x00000000e0000000, 0x00000000e19a0000, 0x00000000e19a0000)
  from space 3264K,  99% used [0x00000000e1cd0000, 0x00000000e1fffff8, 0x00000000e2000000)
  to   space 3264K,   0% used [0x00000000e19a0000, 0x00000000e19a0000, 0x00000000e1cd0000)
 tenured generation   total 65536K, used 507K [0x00000000eaaa0000, 0x00000000eeaa0000, 0x0000000100000000)
   the space 65536K,   0% used [0x00000000eaaa0000, 0x00000000eab1ecc8, 0x00000000eeaa0000)
 Metaspace       used 9793K, committed 9984K, reserved 278528K
  class space    used 1212K, committed 1344K, reserved 212992K
}
Event: 1.785 GC heap after
{Heap after GC invocations=2 (full 0):
 def new generation   total 29504K, used 1361K [0x00000000e0000000, 0x00000000e2000000, 0x00000000eaaa0000)
  eden space 26240K,   0% used [0x00000000e0000000, 0x00000000e0000000, 0x00000000e19a0000)
  from space 3264K,  41% used [0x00000000e19a0000, 0x00000000e1af45a8, 0x00000000e1cd0000)
  to   space 3264K,   0% used [0x00000000e1cd0000, 0x00000000e1cd0000, 0x00000000e2000000)
 tenured generation   total 65536K, used 3651K [0x00000000eaaa0000, 0x00000000eeaa0000, 0x0000000100000000)
   the space 65536K,   5% used [0x00000000eaaa0000, 0x00000000eae30c88, 0x00000000eeaa0000)
 Metaspace       used 9793K, committed 9984K, reserved 278528K
  class space    used 1212K, committed 1344K, reserved 212992K
}
Event: 2.750 GC heap before
{Heap before GC invocations=2 (full 0):
 def new generation   total 29504K, used 27601K [0x00000000e0000000, 0x00000000e2000000, 0x00000000eaaa0000)
  eden space 26240K, 100% used [0x00000000e0000000, 0x00000000e19a0000, 0x00000000e19a0000)
  from space 3264K,  41% used [0x00000000e19a0000, 0x00000000e1af45a8, 0x00000000e1cd0000)
  to   space 3264K,   0% used [0x00000000e1cd0000, 0x00000000e1cd0000, 0x00000000e2000000)
 tenured generation   total 65536K, used 3651K [0x00000000eaaa0000, 0x00000000eeaa0000, 0x0000000100000000)
   the space 65536K,   5% used [0x00000000eaaa0000, 0x00000000eae30c88, 0x00000000eeaa0000)
 Metaspace       used 14869K, committed 15104K, reserved 278528K
  class space    used 1863K, committed 1984K, reserved 212992K
}
Event: 2.764 GC heap after
{Heap after GC invocations=3 (full 0):
 def new generation   total 29504K, used 3264K [0x00000000e0000000, 0x00000000e2000000, 0x00000000eaaa0000)
  eden space 26240K,   0% used [0x00000000e0000000, 0x00000000e0000000, 0x00000000e19a0000)
  from space 3264K, 100% used [0x00000000e1cd0000, 0x00000000e2000000, 0x00000000e2000000)
  to   space 3264K,   0% used [0x00000000e19a0000, 0x00000000e19a0000, 0x00000000e1cd0000)
 tenured generation   total 65536K, used 4759K [0x00000000eaaa0000, 0x00000000eeaa0000, 0x0000000100000000)
   the space 65536K,   7% used [0x00000000eaaa0000, 0x00000000eaf45f50, 0x00000000eeaa0000)
 Metaspace       used 14869K, committed 15104K, reserved 278528K
  class space    used 1863K, committed 1984K, reserved 212992K
}
Event: 3.344 GC heap before
{Heap before GC invocations=3 (full 0):
 def new generation   total 29504K, used 29504K [0x00000000e0000000, 0x00000000e2000000, 0x00000000eaaa0000)
  eden space 26240K, 100% used [0x00000000e0000000, 0x00000000e19a0000, 0x00000000e19a0000)
  from space 3264K, 100% used [0x00000000e1cd0000, 0x00000000e2000000, 0x00000000e2000000)
  to   space 3264K,   0% used [0x00000000e19a0000, 0x00000000e19a0000, 0x00000000e1cd0000)
 tenured generation   total 65536K, used 4759K [0x00000000eaaa0000, 0x00000000eeaa0000, 0x0000000100000000)
   the space 65536K,   7% used [0x00000000eaaa0000, 0x00000000eaf45f50, 0x00000000eeaa0000)
 Metaspace       used 15808K, committed 16064K, reserved 278528K
  class space    used 1945K, committed 2048K, reserved 212992K
}
Event: 3.366 GC heap after
{Heap after GC invocations=4 (full 0):
 def new generation   total 29504K, used 3264K [0x00000000e0000000, 0x00000000e2000000, 0x00000000eaaa0000)
  eden space 26240K,   0% used [0x00000000e0000000, 0x00000000e0000000, 0x00000000e19a0000)
  from space 3264K, 100% used [0x00000000e19a0000, 0x00000000e1cd0000, 0x00000000e1cd0000)
  to   space 3264K,   0% used [0x00000000e1cd0000, 0x00000000e1cd0000, 0x00000000e2000000)
 tenured generation   total 65536K, used 8509K [0x00000000eaaa0000, 0x00000000eeaa0000, 0x0000000100000000)
   the space 65536K,  12% used [0x00000000eaaa0000, 0x00000000eb2ef698, 0x00000000eeaa0000)
 Metaspace       used 15808K, committed 16064K, reserved 278528K
  class space    used 1945K, committed 2048K, reserved 212992K
}

